<?xml version="1.0" encoding="UTF-8"?>
<testsuite xmlns:xsi="http://www.w3.org/2001/XMLSchema-instance" xsi:noNamespaceSchemaLocation="https://maven.apache.org/surefire/maven-surefire-plugin/xsd/surefire-test-report.xsd" name="com.tract.AppTest" time="0.055" tests="1" errors="0" skipped="0" failures="0">
  <properties>
    <property name="java.specification.version" value="17"/>
    <property name="sun.cpu.isalist" value="amd64"/>
    <property name="sun.jnu.encoding" value="Cp1252"/>
    <property name="java.class.path" value="C:\Users\igor\Documents\Tract\DataScraperProject\target\test-classes;C:\Users\igor\Documents\Tract\DataScraperProject\target\classes;C:\Users\igor\.m2\repository\junit\junit\4.11\junit-4.11.jar;C:\Users\igor\.m2\repository\org\hamcrest\hamcrest-core\1.3\hamcrest-core-1.3.jar;C:\Users\igor\.m2\repository\org\jsoup\jsoup\1.10.2\jsoup-1.10.2.jar;C:\Users\igor\.m2\repository\org\seleniumhq\selenium\selenium-java\4.10.0\selenium-java-4.10.0.jar;C:\Users\igor\.m2\repository\org\seleniumhq\selenium\selenium-api\4.10.0\selenium-api-4.10.0.jar;C:\Users\igor\.m2\repository\org\seleniumhq\selenium\selenium-chrome-driver\4.10.0\selenium-chrome-driver-4.10.0.jar;C:\Users\igor\.m2\repository\com\google\auto\service\auto-service-annotations\1.0.1\auto-service-annotations-1.0.1.jar;C:\Users\igor\.m2\repository\com\google\auto\service\auto-service\1.0.1\auto-service-1.0.1.jar;C:\Users\igor\.m2\repository\com\google\auto\auto-common\1.2\auto-common-1.2.jar;C:\Users\igor\.m2\repository\org\seleniumhq\selenium\selenium-chromium-driver\4.10.0\selenium-chromium-driver-4.10.0.jar;C:\Users\igor\.m2\repository\org\seleniumhq\selenium\selenium-json\4.10.0\selenium-json-4.10.0.jar;C:\Users\igor\.m2\repository\org\seleniumhq\selenium\selenium-manager\4.10.0\selenium-manager-4.10.0.jar;C:\Users\igor\.m2\repository\org\seleniumhq\selenium\selenium-devtools-v112\4.10.0\selenium-devtools-v112-4.10.0.jar;C:\Users\igor\.m2\repository\org\seleniumhq\selenium\selenium-devtools-v113\4.10.0\selenium-devtools-v113-4.10.0.jar;C:\Users\igor\.m2\repository\org\seleniumhq\selenium\selenium-devtools-v114\4.10.0\selenium-devtools-v114-4.10.0.jar;C:\Users\igor\.m2\repository\org\seleniumhq\selenium\selenium-devtools-v85\4.10.0\selenium-devtools-v85-4.10.0.jar;C:\Users\igor\.m2\repository\org\seleniumhq\selenium\selenium-edge-driver\4.10.0\selenium-edge-driver-4.10.0.jar;C:\Users\igor\.m2\repository\org\seleniumhq\selenium\selenium-firefox-driver\4.10.0\selenium-firefox-driver-4.10.0.jar;C:\Users\igor\.m2\repository\org\seleniumhq\selenium\selenium-http\4.10.0\selenium-http-4.10.0.jar;C:\Users\igor\.m2\repository\dev\failsafe\failsafe\3.3.1\failsafe-3.3.1.jar;C:\Users\igor\.m2\repository\org\seleniumhq\selenium\selenium-ie-driver\4.10.0\selenium-ie-driver-4.10.0.jar;C:\Users\igor\.m2\repository\org\seleniumhq\selenium\selenium-remote-driver\4.10.0\selenium-remote-driver-4.10.0.jar;C:\Users\igor\.m2\repository\io\netty\netty-transport-native-epoll\4.1.92.Final\netty-transport-native-epoll-4.1.92.Final.jar;C:\Users\igor\.m2\repository\io\netty\netty-transport-native-kqueue\4.1.92.Final\netty-transport-native-kqueue-4.1.92.Final.jar;C:\Users\igor\.m2\repository\io\opentelemetry\opentelemetry-api\1.26.0\opentelemetry-api-1.26.0.jar;C:\Users\igor\.m2\repository\io\opentelemetry\opentelemetry-context\1.26.0\opentelemetry-context-1.26.0.jar;C:\Users\igor\.m2\repository\io\opentelemetry\opentelemetry-exporter-logging\1.26.0\opentelemetry-exporter-logging-1.26.0.jar;C:\Users\igor\.m2\repository\io\opentelemetry\opentelemetry-sdk-metrics\1.26.0\opentelemetry-sdk-metrics-1.26.0.jar;C:\Users\igor\.m2\repository\io\opentelemetry\opentelemetry-extension-incubator\1.26.0-alpha\opentelemetry-extension-incubator-1.26.0-alpha.jar;C:\Users\igor\.m2\repository\io\opentelemetry\opentelemetry-sdk-logs\1.26.0-alpha\opentelemetry-sdk-logs-1.26.0-alpha.jar;C:\Users\igor\.m2\repository\io\opentelemetry\opentelemetry-api-logs\1.26.0-alpha\opentelemetry-api-logs-1.26.0-alpha.jar;C:\Users\igor\.m2\repository\io\opentelemetry\opentelemetry-api-events\1.26.0-alpha\opentelemetry-api-events-1.26.0-alpha.jar;C:\Users\igor\.m2\repository\io\opentelemetry\opentelemetry-sdk-common\1.26.0\opentelemetry-sdk-common-1.26.0.jar;C:\Users\igor\.m2\repository\io\opentelemetry\opentelemetry-sdk-extension-autoconfigure-spi\1.26.0\opentelemetry-sdk-extension-autoconfigure-spi-1.26.0.jar;C:\Users\igor\.m2\repository\io\opentelemetry\opentelemetry-sdk-extension-autoconfigure\1.26.0-alpha\opentelemetry-sdk-extension-autoconfigure-1.26.0-alpha.jar;C:\Users\igor\.m2\repository\io\opentelemetry\opentelemetry-sdk-trace\1.26.0\opentelemetry-sdk-trace-1.26.0.jar;C:\Users\igor\.m2\repository\io\opentelemetry\opentelemetry-sdk\1.26.0\opentelemetry-sdk-1.26.0.jar;C:\Users\igor\.m2\repository\io\opentelemetry\opentelemetry-semconv\1.26.0-alpha\opentelemetry-semconv-1.26.0-alpha.jar;C:\Users\igor\.m2\repository\net\bytebuddy\byte-buddy\1.14.4\byte-buddy-1.14.4.jar;C:\Users\igor\.m2\repository\org\apache\commons\commons-exec\1.3\commons-exec-1.3.jar;C:\Users\igor\.m2\repository\org\asynchttpclient\async-http-client\2.12.3\async-http-client-2.12.3.jar;C:\Users\igor\.m2\repository\org\asynchttpclient\async-http-client-netty-utils\2.12.3\async-http-client-netty-utils-2.12.3.jar;C:\Users\igor\.m2\repository\org\reactivestreams\reactive-streams\1.0.3\reactive-streams-1.0.3.jar;C:\Users\igor\.m2\repository\com\typesafe\netty\netty-reactive-streams\2.0.4\netty-reactive-streams-2.0.4.jar;C:\Users\igor\.m2\repository\com\sun\activation\jakarta.activation\1.2.2\jakarta.activation-1.2.2.jar;C:\Users\igor\.m2\repository\org\seleniumhq\selenium\selenium-safari-driver\4.10.0\selenium-safari-driver-4.10.0.jar;C:\Users\igor\.m2\repository\org\seleniumhq\selenium\selenium-support\4.10.0\selenium-support-4.10.0.jar;C:\Users\igor\.m2\repository\com\google\guava\guava\32.0.1-jre\guava-32.0.1-jre.jar;C:\Users\igor\.m2\repository\com\google\guava\failureaccess\1.0.1\failureaccess-1.0.1.jar;C:\Users\igor\.m2\repository\com\google\guava\listenablefuture\9999.0-empty-to-avoid-conflict-with-guava\listenablefuture-9999.0-empty-to-avoid-conflict-with-guava.jar;C:\Users\igor\.m2\repository\com\google\code\findbugs\jsr305\3.0.2\jsr305-3.0.2.jar;C:\Users\igor\.m2\repository\org\checkerframework\checker-qual\3.33.0\checker-qual-3.33.0.jar;C:\Users\igor\.m2\repository\com\google\errorprone\error_prone_annotations\2.18.0\error_prone_annotations-2.18.0.jar;C:\Users\igor\.m2\repository\com\google\j2objc\j2objc-annotations\2.8\j2objc-annotations-2.8.jar;C:\Users\igor\.m2\repository\org\apache\httpcomponents\client5\httpclient5\5.2.1\httpclient5-5.2.1.jar;C:\Users\igor\.m2\repository\org\apache\httpcomponents\core5\httpcore5\5.2\httpcore5-5.2.jar;C:\Users\igor\.m2\repository\org\apache\httpcomponents\core5\httpcore5-h2\5.2\httpcore5-h2-5.2.jar;C:\Users\igor\.m2\repository\org\json\json\20230618\json-20230618.jar;C:\Users\igor\.m2\repository\org\apache\maven\plugins\maven-failsafe-plugin\3.1.2\maven-failsafe-plugin-3.1.2.jar;C:\Users\igor\.m2\repository\org\apache\maven\surefire\maven-surefire-common\3.1.2\maven-surefire-common-3.1.2.jar;C:\Users\igor\.m2\repository\org\apache\maven\surefire\surefire-api\3.1.2\surefire-api-3.1.2.jar;C:\Users\igor\.m2\repository\org\apache\maven\surefire\surefire-logger-api\3.1.2\surefire-logger-api-3.1.2.jar;C:\Users\igor\.m2\repository\org\apache\maven\surefire\surefire-extensions-api\3.1.2\surefire-extensions-api-3.1.2.jar;C:\Users\igor\.m2\repository\org\apache\maven\surefire\surefire-booter\3.1.2\surefire-booter-3.1.2.jar;C:\Users\igor\.m2\repository\org\apache\maven\surefire\surefire-extensions-spi\3.1.2\surefire-extensions-spi-3.1.2.jar;C:\Users\igor\.m2\repository\org\eclipse\aether\aether-util\1.0.0.v20140518\aether-util-1.0.0.v20140518.jar;C:\Users\igor\.m2\repository\org\eclipse\aether\aether-api\1.0.0.v20140518\aether-api-1.0.0.v20140518.jar;C:\Users\igor\.m2\repository\org\apache\maven\shared\maven-common-artifact-filters\3.1.1\maven-common-artifact-filters-3.1.1.jar;C:\Users\igor\.m2\repository\org\apache\maven\maven-artifact\3.1.0\maven-artifact-3.1.0.jar;C:\Users\igor\.m2\repository\org\codehaus\plexus\plexus-utils\3.0.10\plexus-utils-3.0.10.jar;C:\Users\igor\.m2\repository\org\apache\maven\maven-core\3.1.0\maven-core-3.1.0.jar;C:\Users\igor\.m2\repository\org\apache\maven\maven-settings\3.1.0\maven-settings-3.1.0.jar;C:\Users\igor\.m2\repository\org\apache\maven\maven-settings-builder\3.1.0\maven-settings-builder-3.1.0.jar;C:\Users\igor\.m2\repository\org\apache\maven\maven-repository-metadata\3.1.0\maven-repository-metadata-3.1.0.jar;C:\Users\igor\.m2\repository\org\apache\maven\maven-model-builder\3.1.0\maven-model-builder-3.1.0.jar;C:\Users\igor\.m2\repository\org\apache\maven\maven-aether-provider\3.1.0\maven-aether-provider-3.1.0.jar;C:\Users\igor\.m2\repository\org\eclipse\aether\aether-spi\0.9.0.M2\aether-spi-0.9.0.M2.jar;C:\Users\igor\.m2\repository\org\eclipse\aether\aether-impl\0.9.0.M2\aether-impl-0.9.0.M2.jar;C:\Users\igor\.m2\repository\org\eclipse\sisu\org.eclipse.sisu.plexus\0.0.0.M2a\org.eclipse.sisu.plexus-0.0.0.M2a.jar;C:\Users\igor\.m2\repository\javax\enterprise\cdi-api\1.0\cdi-api-1.0.jar;C:\Users\igor\.m2\repository\javax\annotation\jsr250-api\1.0\jsr250-api-1.0.jar;C:\Users\igor\.m2\repository\javax\inject\javax.inject\1\javax.inject-1.jar;C:\Users\igor\.m2\repository\org\sonatype\sisu\sisu-guice\3.1.0\sisu-guice-3.1.0-no_aop.jar;C:\Users\igor\.m2\repository\aopalliance\aopalliance\1.0\aopalliance-1.0.jar;C:\Users\igor\.m2\repository\org\eclipse\sisu\org.eclipse.sisu.inject\0.0.0.M2a\org.eclipse.sisu.inject-0.0.0.M2a.jar;C:\Users\igor\.m2\repository\asm\asm\3.3.1\asm-3.3.1.jar;C:\Users\igor\.m2\repository\org\codehaus\plexus\plexus-interpolation\1.16\plexus-interpolation-1.16.jar;C:\Users\igor\.m2\repository\org\codehaus\plexus\plexus-classworlds\2.4.2\plexus-classworlds-2.4.2.jar;C:\Users\igor\.m2\repository\org\codehaus\plexus\plexus-component-annotations\1.5.5\plexus-component-annotations-1.5.5.jar;C:\Users\igor\.m2\repository\org\sonatype\plexus\plexus-sec-dispatcher\1.3\plexus-sec-dispatcher-1.3.jar;C:\Users\igor\.m2\repository\org\sonatype\plexus\plexus-cipher\1.4\plexus-cipher-1.4.jar;C:\Users\igor\.m2\repository\org\apache\maven\maven-plugin-api\3.1.0\maven-plugin-api-3.1.0.jar;C:\Users\igor\.m2\repository\commons-io\commons-io\2.6\commons-io-2.6.jar;C:\Users\igor\.m2\repository\org\codehaus\plexus\plexus-java\1.1.2\plexus-java-1.1.2.jar;C:\Users\igor\.m2\repository\org\ow2\asm\asm\9.4\asm-9.4.jar;C:\Users\igor\.m2\repository\com\thoughtworks\qdox\qdox\2.0.3\qdox-2.0.3.jar;C:\Users\igor\.m2\repository\org\apache\maven\surefire\surefire-shared-utils\3.1.2\surefire-shared-utils-3.1.2.jar;C:\Users\igor\.m2\repository\io\netty\netty-all\4.1.93.Final\netty-all-4.1.93.Final.jar;C:\Users\igor\.m2\repository\io\netty\netty-buffer\4.1.93.Final\netty-buffer-4.1.93.Final.jar;C:\Users\igor\.m2\repository\io\netty\netty-codec\4.1.93.Final\netty-codec-4.1.93.Final.jar;C:\Users\igor\.m2\repository\io\netty\netty-codec-dns\4.1.93.Final\netty-codec-dns-4.1.93.Final.jar;C:\Users\igor\.m2\repository\io\netty\netty-codec-haproxy\4.1.93.Final\netty-codec-haproxy-4.1.93.Final.jar;C:\Users\igor\.m2\repository\io\netty\netty-codec-http\4.1.93.Final\netty-codec-http-4.1.93.Final.jar;C:\Users\igor\.m2\repository\io\netty\netty-codec-http2\4.1.93.Final\netty-codec-http2-4.1.93.Final.jar;C:\Users\igor\.m2\repository\io\netty\netty-codec-memcache\4.1.93.Final\netty-codec-memcache-4.1.93.Final.jar;C:\Users\igor\.m2\repository\io\netty\netty-codec-mqtt\4.1.93.Final\netty-codec-mqtt-4.1.93.Final.jar;C:\Users\igor\.m2\repository\io\netty\netty-codec-redis\4.1.93.Final\netty-codec-redis-4.1.93.Final.jar;C:\Users\igor\.m2\repository\io\netty\netty-codec-smtp\4.1.93.Final\netty-codec-smtp-4.1.93.Final.jar;C:\Users\igor\.m2\repository\io\netty\netty-codec-socks\4.1.93.Final\netty-codec-socks-4.1.93.Final.jar;C:\Users\igor\.m2\repository\io\netty\netty-codec-stomp\4.1.93.Final\netty-codec-stomp-4.1.93.Final.jar;C:\Users\igor\.m2\repository\io\netty\netty-codec-xml\4.1.93.Final\netty-codec-xml-4.1.93.Final.jar;C:\Users\igor\.m2\repository\io\netty\netty-common\4.1.93.Final\netty-common-4.1.93.Final.jar;C:\Users\igor\.m2\repository\io\netty\netty-handler\4.1.93.Final\netty-handler-4.1.93.Final.jar;C:\Users\igor\.m2\repository\io\netty\netty-transport-native-unix-common\4.1.93.Final\netty-transport-native-unix-common-4.1.93.Final.jar;C:\Users\igor\.m2\repository\io\netty\netty-handler-proxy\4.1.93.Final\netty-handler-proxy-4.1.93.Final.jar;C:\Users\igor\.m2\repository\io\netty\netty-handler-ssl-ocsp\4.1.93.Final\netty-handler-ssl-ocsp-4.1.93.Final.jar;C:\Users\igor\.m2\repository\io\netty\netty-resolver\4.1.93.Final\netty-resolver-4.1.93.Final.jar;C:\Users\igor\.m2\repository\io\netty\netty-resolver-dns\4.1.93.Final\netty-resolver-dns-4.1.93.Final.jar;C:\Users\igor\.m2\repository\io\netty\netty-transport\4.1.93.Final\netty-transport-4.1.93.Final.jar;C:\Users\igor\.m2\repository\io\netty\netty-transport-rxtx\4.1.93.Final\netty-transport-rxtx-4.1.93.Final.jar;C:\Users\igor\.m2\repository\io\netty\netty-transport-sctp\4.1.93.Final\netty-transport-sctp-4.1.93.Final.jar;C:\Users\igor\.m2\repository\io\netty\netty-transport-udt\4.1.93.Final\netty-transport-udt-4.1.93.Final.jar;C:\Users\igor\.m2\repository\io\netty\netty-transport-classes-epoll\4.1.93.Final\netty-transport-classes-epoll-4.1.93.Final.jar;C:\Users\igor\.m2\repository\io\netty\netty-transport-classes-kqueue\4.1.93.Final\netty-transport-classes-kqueue-4.1.93.Final.jar;C:\Users\igor\.m2\repository\io\netty\netty-resolver-dns-classes-macos\4.1.93.Final\netty-resolver-dns-classes-macos-4.1.93.Final.jar;C:\Users\igor\.m2\repository\io\netty\netty-transport-native-epoll\4.1.93.Final\netty-transport-native-epoll-4.1.93.Final-linux-x86_64.jar;C:\Users\igor\.m2\repository\io\netty\netty-transport-native-epoll\4.1.93.Final\netty-transport-native-epoll-4.1.93.Final-linux-aarch_64.jar;C:\Users\igor\.m2\repository\io\netty\netty-transport-native-kqueue\4.1.93.Final\netty-transport-native-kqueue-4.1.93.Final-osx-x86_64.jar;C:\Users\igor\.m2\repository\io\netty\netty-transport-native-kqueue\4.1.93.Final\netty-transport-native-kqueue-4.1.93.Final-osx-aarch_64.jar;C:\Users\igor\.m2\repository\io\netty\netty-resolver-dns-native-macos\4.1.93.Final\netty-resolver-dns-native-macos-4.1.93.Final-osx-x86_64.jar;C:\Users\igor\.m2\repository\io\netty\netty-resolver-dns-native-macos\4.1.93.Final\netty-resolver-dns-native-macos-4.1.93.Final-osx-aarch_64.jar;C:\Users\igor\.m2\repository\org\slf4j\slf4j-api\2.0.7\slf4j-api-2.0.7.jar;C:\Users\igor\.m2\repository\org\slf4j\slf4j-simple\2.0.7\slf4j-simple-2.0.7.jar;C:\Users\igor\.m2\repository\com\opencsv\opencsv\4.1\opencsv-4.1.jar;C:\Users\igor\.m2\repository\org\apache\commons\commons-lang3\3.6\commons-lang3-3.6.jar;C:\Users\igor\.m2\repository\org\apache\commons\commons-text\1.1\commons-text-1.1.jar;C:\Users\igor\.m2\repository\commons-beanutils\commons-beanutils\1.9.3\commons-beanutils-1.9.3.jar;C:\Users\igor\.m2\repository\commons-logging\commons-logging\1.2\commons-logging-1.2.jar;C:\Users\igor\.m2\repository\commons-collections\commons-collections\3.2.2\commons-collections-3.2.2.jar;"/>
    <property name="java.vm.vendor" value="Oracle Corporation"/>
    <property name="sun.arch.data.model" value="64"/>
    <property name="user.variant" value=""/>
    <property name="java.vendor.url" value="https://java.oracle.com/"/>
    <property name="user.timezone" value="America/Los_Angeles"/>
    <property name="os.name" value="Windows 10"/>
    <property name="java.vm.specification.version" value="17"/>
    <property name="sun.java.launcher" value="SUN_STANDARD"/>
    <property name="user.country" value="US"/>
    <property name="sun.boot.library.path" value="C:\Program Files\Java\jdk-17.0.1\bin"/>
    <property name="sun.java.command" value="C:\Users\igor\AppData\Local\Temp\surefire5810008536453399516\surefirebooter707545521532823378.jar C:\Users\igor\AppData\Local\Temp\surefire5810008536453399516 2023-06-22T13-51-11_151-jvmRun1 surefire2986885292325756964tmp surefire_014876107537700989054tmp"/>
    <property name="jdk.debug" value="release"/>
    <property name="surefire.test.class.path" value="C:\Users\igor\Documents\Tract\DataScraperProject\target\test-classes;C:\Users\igor\Documents\Tract\DataScraperProject\target\classes;C:\Users\igor\.m2\repository\junit\junit\4.11\junit-4.11.jar;C:\Users\igor\.m2\repository\org\hamcrest\hamcrest-core\1.3\hamcrest-core-1.3.jar;C:\Users\igor\.m2\repository\org\jsoup\jsoup\1.10.2\jsoup-1.10.2.jar;C:\Users\igor\.m2\repository\org\seleniumhq\selenium\selenium-java\4.10.0\selenium-java-4.10.0.jar;C:\Users\igor\.m2\repository\org\seleniumhq\selenium\selenium-api\4.10.0\selenium-api-4.10.0.jar;C:\Users\igor\.m2\repository\org\seleniumhq\selenium\selenium-chrome-driver\4.10.0\selenium-chrome-driver-4.10.0.jar;C:\Users\igor\.m2\repository\com\google\auto\service\auto-service-annotations\1.0.1\auto-service-annotations-1.0.1.jar;C:\Users\igor\.m2\repository\com\google\auto\service\auto-service\1.0.1\auto-service-1.0.1.jar;C:\Users\igor\.m2\repository\com\google\auto\auto-common\1.2\auto-common-1.2.jar;C:\Users\igor\.m2\repository\org\seleniumhq\selenium\selenium-chromium-driver\4.10.0\selenium-chromium-driver-4.10.0.jar;C:\Users\igor\.m2\repository\org\seleniumhq\selenium\selenium-json\4.10.0\selenium-json-4.10.0.jar;C:\Users\igor\.m2\repository\org\seleniumhq\selenium\selenium-manager\4.10.0\selenium-manager-4.10.0.jar;C:\Users\igor\.m2\repository\org\seleniumhq\selenium\selenium-devtools-v112\4.10.0\selenium-devtools-v112-4.10.0.jar;C:\Users\igor\.m2\repository\org\seleniumhq\selenium\selenium-devtools-v113\4.10.0\selenium-devtools-v113-4.10.0.jar;C:\Users\igor\.m2\repository\org\seleniumhq\selenium\selenium-devtools-v114\4.10.0\selenium-devtools-v114-4.10.0.jar;C:\Users\igor\.m2\repository\org\seleniumhq\selenium\selenium-devtools-v85\4.10.0\selenium-devtools-v85-4.10.0.jar;C:\Users\igor\.m2\repository\org\seleniumhq\selenium\selenium-edge-driver\4.10.0\selenium-edge-driver-4.10.0.jar;C:\Users\igor\.m2\repository\org\seleniumhq\selenium\selenium-firefox-driver\4.10.0\selenium-firefox-driver-4.10.0.jar;C:\Users\igor\.m2\repository\org\seleniumhq\selenium\selenium-http\4.10.0\selenium-http-4.10.0.jar;C:\Users\igor\.m2\repository\dev\failsafe\failsafe\3.3.1\failsafe-3.3.1.jar;C:\Users\igor\.m2\repository\org\seleniumhq\selenium\selenium-ie-driver\4.10.0\selenium-ie-driver-4.10.0.jar;C:\Users\igor\.m2\repository\org\seleniumhq\selenium\selenium-remote-driver\4.10.0\selenium-remote-driver-4.10.0.jar;C:\Users\igor\.m2\repository\io\netty\netty-transport-native-epoll\4.1.92.Final\netty-transport-native-epoll-4.1.92.Final.jar;C:\Users\igor\.m2\repository\io\netty\netty-transport-native-kqueue\4.1.92.Final\netty-transport-native-kqueue-4.1.92.Final.jar;C:\Users\igor\.m2\repository\io\opentelemetry\opentelemetry-api\1.26.0\opentelemetry-api-1.26.0.jar;C:\Users\igor\.m2\repository\io\opentelemetry\opentelemetry-context\1.26.0\opentelemetry-context-1.26.0.jar;C:\Users\igor\.m2\repository\io\opentelemetry\opentelemetry-exporter-logging\1.26.0\opentelemetry-exporter-logging-1.26.0.jar;C:\Users\igor\.m2\repository\io\opentelemetry\opentelemetry-sdk-metrics\1.26.0\opentelemetry-sdk-metrics-1.26.0.jar;C:\Users\igor\.m2\repository\io\opentelemetry\opentelemetry-extension-incubator\1.26.0-alpha\opentelemetry-extension-incubator-1.26.0-alpha.jar;C:\Users\igor\.m2\repository\io\opentelemetry\opentelemetry-sdk-logs\1.26.0-alpha\opentelemetry-sdk-logs-1.26.0-alpha.jar;C:\Users\igor\.m2\repository\io\opentelemetry\opentelemetry-api-logs\1.26.0-alpha\opentelemetry-api-logs-1.26.0-alpha.jar;C:\Users\igor\.m2\repository\io\opentelemetry\opentelemetry-api-events\1.26.0-alpha\opentelemetry-api-events-1.26.0-alpha.jar;C:\Users\igor\.m2\repository\io\opentelemetry\opentelemetry-sdk-common\1.26.0\opentelemetry-sdk-common-1.26.0.jar;C:\Users\igor\.m2\repository\io\opentelemetry\opentelemetry-sdk-extension-autoconfigure-spi\1.26.0\opentelemetry-sdk-extension-autoconfigure-spi-1.26.0.jar;C:\Users\igor\.m2\repository\io\opentelemetry\opentelemetry-sdk-extension-autoconfigure\1.26.0-alpha\opentelemetry-sdk-extension-autoconfigure-1.26.0-alpha.jar;C:\Users\igor\.m2\repository\io\opentelemetry\opentelemetry-sdk-trace\1.26.0\opentelemetry-sdk-trace-1.26.0.jar;C:\Users\igor\.m2\repository\io\opentelemetry\opentelemetry-sdk\1.26.0\opentelemetry-sdk-1.26.0.jar;C:\Users\igor\.m2\repository\io\opentelemetry\opentelemetry-semconv\1.26.0-alpha\opentelemetry-semconv-1.26.0-alpha.jar;C:\Users\igor\.m2\repository\net\bytebuddy\byte-buddy\1.14.4\byte-buddy-1.14.4.jar;C:\Users\igor\.m2\repository\org\apache\commons\commons-exec\1.3\commons-exec-1.3.jar;C:\Users\igor\.m2\repository\org\asynchttpclient\async-http-client\2.12.3\async-http-client-2.12.3.jar;C:\Users\igor\.m2\repository\org\asynchttpclient\async-http-client-netty-utils\2.12.3\async-http-client-netty-utils-2.12.3.jar;C:\Users\igor\.m2\repository\org\reactivestreams\reactive-streams\1.0.3\reactive-streams-1.0.3.jar;C:\Users\igor\.m2\repository\com\typesafe\netty\netty-reactive-streams\2.0.4\netty-reactive-streams-2.0.4.jar;C:\Users\igor\.m2\repository\com\sun\activation\jakarta.activation\1.2.2\jakarta.activation-1.2.2.jar;C:\Users\igor\.m2\repository\org\seleniumhq\selenium\selenium-safari-driver\4.10.0\selenium-safari-driver-4.10.0.jar;C:\Users\igor\.m2\repository\org\seleniumhq\selenium\selenium-support\4.10.0\selenium-support-4.10.0.jar;C:\Users\igor\.m2\repository\com\google\guava\guava\32.0.1-jre\guava-32.0.1-jre.jar;C:\Users\igor\.m2\repository\com\google\guava\failureaccess\1.0.1\failureaccess-1.0.1.jar;C:\Users\igor\.m2\repository\com\google\guava\listenablefuture\9999.0-empty-to-avoid-conflict-with-guava\listenablefuture-9999.0-empty-to-avoid-conflict-with-guava.jar;C:\Users\igor\.m2\repository\com\google\code\findbugs\jsr305\3.0.2\jsr305-3.0.2.jar;C:\Users\igor\.m2\repository\org\checkerframework\checker-qual\3.33.0\checker-qual-3.33.0.jar;C:\Users\igor\.m2\repository\com\google\errorprone\error_prone_annotations\2.18.0\error_prone_annotations-2.18.0.jar;C:\Users\igor\.m2\repository\com\google\j2objc\j2objc-annotations\2.8\j2objc-annotations-2.8.jar;C:\Users\igor\.m2\repository\org\apache\httpcomponents\client5\httpclient5\5.2.1\httpclient5-5.2.1.jar;C:\Users\igor\.m2\repository\org\apache\httpcomponents\core5\httpcore5\5.2\httpcore5-5.2.jar;C:\Users\igor\.m2\repository\org\apache\httpcomponents\core5\httpcore5-h2\5.2\httpcore5-h2-5.2.jar;C:\Users\igor\.m2\repository\org\json\json\20230618\json-20230618.jar;C:\Users\igor\.m2\repository\org\apache\maven\plugins\maven-failsafe-plugin\3.1.2\maven-failsafe-plugin-3.1.2.jar;C:\Users\igor\.m2\repository\org\apache\maven\surefire\maven-surefire-common\3.1.2\maven-surefire-common-3.1.2.jar;C:\Users\igor\.m2\repository\org\apache\maven\surefire\surefire-api\3.1.2\surefire-api-3.1.2.jar;C:\Users\igor\.m2\repository\org\apache\maven\surefire\surefire-logger-api\3.1.2\surefire-logger-api-3.1.2.jar;C:\Users\igor\.m2\repository\org\apache\maven\surefire\surefire-extensions-api\3.1.2\surefire-extensions-api-3.1.2.jar;C:\Users\igor\.m2\repository\org\apache\maven\surefire\surefire-booter\3.1.2\surefire-booter-3.1.2.jar;C:\Users\igor\.m2\repository\org\apache\maven\surefire\surefire-extensions-spi\3.1.2\surefire-extensions-spi-3.1.2.jar;C:\Users\igor\.m2\repository\org\eclipse\aether\aether-util\1.0.0.v20140518\aether-util-1.0.0.v20140518.jar;C:\Users\igor\.m2\repository\org\eclipse\aether\aether-api\1.0.0.v20140518\aether-api-1.0.0.v20140518.jar;C:\Users\igor\.m2\repository\org\apache\maven\shared\maven-common-artifact-filters\3.1.1\maven-common-artifact-filters-3.1.1.jar;C:\Users\igor\.m2\repository\org\apache\maven\maven-artifact\3.1.0\maven-artifact-3.1.0.jar;C:\Users\igor\.m2\repository\org\codehaus\plexus\plexus-utils\3.0.10\plexus-utils-3.0.10.jar;C:\Users\igor\.m2\repository\org\apache\maven\maven-core\3.1.0\maven-core-3.1.0.jar;C:\Users\igor\.m2\repository\org\apache\maven\maven-settings\3.1.0\maven-settings-3.1.0.jar;C:\Users\igor\.m2\repository\org\apache\maven\maven-settings-builder\3.1.0\maven-settings-builder-3.1.0.jar;C:\Users\igor\.m2\repository\org\apache\maven\maven-repository-metadata\3.1.0\maven-repository-metadata-3.1.0.jar;C:\Users\igor\.m2\repository\org\apache\maven\maven-model-builder\3.1.0\maven-model-builder-3.1.0.jar;C:\Users\igor\.m2\repository\org\apache\maven\maven-aether-provider\3.1.0\maven-aether-provider-3.1.0.jar;C:\Users\igor\.m2\repository\org\eclipse\aether\aether-spi\0.9.0.M2\aether-spi-0.9.0.M2.jar;C:\Users\igor\.m2\repository\org\eclipse\aether\aether-impl\0.9.0.M2\aether-impl-0.9.0.M2.jar;C:\Users\igor\.m2\repository\org\eclipse\sisu\org.eclipse.sisu.plexus\0.0.0.M2a\org.eclipse.sisu.plexus-0.0.0.M2a.jar;C:\Users\igor\.m2\repository\javax\enterprise\cdi-api\1.0\cdi-api-1.0.jar;C:\Users\igor\.m2\repository\javax\annotation\jsr250-api\1.0\jsr250-api-1.0.jar;C:\Users\igor\.m2\repository\javax\inject\javax.inject\1\javax.inject-1.jar;C:\Users\igor\.m2\repository\org\sonatype\sisu\sisu-guice\3.1.0\sisu-guice-3.1.0-no_aop.jar;C:\Users\igor\.m2\repository\aopalliance\aopalliance\1.0\aopalliance-1.0.jar;C:\Users\igor\.m2\repository\org\eclipse\sisu\org.eclipse.sisu.inject\0.0.0.M2a\org.eclipse.sisu.inject-0.0.0.M2a.jar;C:\Users\igor\.m2\repository\asm\asm\3.3.1\asm-3.3.1.jar;C:\Users\igor\.m2\repository\org\codehaus\plexus\plexus-interpolation\1.16\plexus-interpolation-1.16.jar;C:\Users\igor\.m2\repository\org\codehaus\plexus\plexus-classworlds\2.4.2\plexus-classworlds-2.4.2.jar;C:\Users\igor\.m2\repository\org\codehaus\plexus\plexus-component-annotations\1.5.5\plexus-component-annotations-1.5.5.jar;C:\Users\igor\.m2\repository\org\sonatype\plexus\plexus-sec-dispatcher\1.3\plexus-sec-dispatcher-1.3.jar;C:\Users\igor\.m2\repository\org\sonatype\plexus\plexus-cipher\1.4\plexus-cipher-1.4.jar;C:\Users\igor\.m2\repository\org\apache\maven\maven-plugin-api\3.1.0\maven-plugin-api-3.1.0.jar;C:\Users\igor\.m2\repository\commons-io\commons-io\2.6\commons-io-2.6.jar;C:\Users\igor\.m2\repository\org\codehaus\plexus\plexus-java\1.1.2\plexus-java-1.1.2.jar;C:\Users\igor\.m2\repository\org\ow2\asm\asm\9.4\asm-9.4.jar;C:\Users\igor\.m2\repository\com\thoughtworks\qdox\qdox\2.0.3\qdox-2.0.3.jar;C:\Users\igor\.m2\repository\org\apache\maven\surefire\surefire-shared-utils\3.1.2\surefire-shared-utils-3.1.2.jar;C:\Users\igor\.m2\repository\io\netty\netty-all\4.1.93.Final\netty-all-4.1.93.Final.jar;C:\Users\igor\.m2\repository\io\netty\netty-buffer\4.1.93.Final\netty-buffer-4.1.93.Final.jar;C:\Users\igor\.m2\repository\io\netty\netty-codec\4.1.93.Final\netty-codec-4.1.93.Final.jar;C:\Users\igor\.m2\repository\io\netty\netty-codec-dns\4.1.93.Final\netty-codec-dns-4.1.93.Final.jar;C:\Users\igor\.m2\repository\io\netty\netty-codec-haproxy\4.1.93.Final\netty-codec-haproxy-4.1.93.Final.jar;C:\Users\igor\.m2\repository\io\netty\netty-codec-http\4.1.93.Final\netty-codec-http-4.1.93.Final.jar;C:\Users\igor\.m2\repository\io\netty\netty-codec-http2\4.1.93.Final\netty-codec-http2-4.1.93.Final.jar;C:\Users\igor\.m2\repository\io\netty\netty-codec-memcache\4.1.93.Final\netty-codec-memcache-4.1.93.Final.jar;C:\Users\igor\.m2\repository\io\netty\netty-codec-mqtt\4.1.93.Final\netty-codec-mqtt-4.1.93.Final.jar;C:\Users\igor\.m2\repository\io\netty\netty-codec-redis\4.1.93.Final\netty-codec-redis-4.1.93.Final.jar;C:\Users\igor\.m2\repository\io\netty\netty-codec-smtp\4.1.93.Final\netty-codec-smtp-4.1.93.Final.jar;C:\Users\igor\.m2\repository\io\netty\netty-codec-socks\4.1.93.Final\netty-codec-socks-4.1.93.Final.jar;C:\Users\igor\.m2\repository\io\netty\netty-codec-stomp\4.1.93.Final\netty-codec-stomp-4.1.93.Final.jar;C:\Users\igor\.m2\repository\io\netty\netty-codec-xml\4.1.93.Final\netty-codec-xml-4.1.93.Final.jar;C:\Users\igor\.m2\repository\io\netty\netty-common\4.1.93.Final\netty-common-4.1.93.Final.jar;C:\Users\igor\.m2\repository\io\netty\netty-handler\4.1.93.Final\netty-handler-4.1.93.Final.jar;C:\Users\igor\.m2\repository\io\netty\netty-transport-native-unix-common\4.1.93.Final\netty-transport-native-unix-common-4.1.93.Final.jar;C:\Users\igor\.m2\repository\io\netty\netty-handler-proxy\4.1.93.Final\netty-handler-proxy-4.1.93.Final.jar;C:\Users\igor\.m2\repository\io\netty\netty-handler-ssl-ocsp\4.1.93.Final\netty-handler-ssl-ocsp-4.1.93.Final.jar;C:\Users\igor\.m2\repository\io\netty\netty-resolver\4.1.93.Final\netty-resolver-4.1.93.Final.jar;C:\Users\igor\.m2\repository\io\netty\netty-resolver-dns\4.1.93.Final\netty-resolver-dns-4.1.93.Final.jar;C:\Users\igor\.m2\repository\io\netty\netty-transport\4.1.93.Final\netty-transport-4.1.93.Final.jar;C:\Users\igor\.m2\repository\io\netty\netty-transport-rxtx\4.1.93.Final\netty-transport-rxtx-4.1.93.Final.jar;C:\Users\igor\.m2\repository\io\netty\netty-transport-sctp\4.1.93.Final\netty-transport-sctp-4.1.93.Final.jar;C:\Users\igor\.m2\repository\io\netty\netty-transport-udt\4.1.93.Final\netty-transport-udt-4.1.93.Final.jar;C:\Users\igor\.m2\repository\io\netty\netty-transport-classes-epoll\4.1.93.Final\netty-transport-classes-epoll-4.1.93.Final.jar;C:\Users\igor\.m2\repository\io\netty\netty-transport-classes-kqueue\4.1.93.Final\netty-transport-classes-kqueue-4.1.93.Final.jar;C:\Users\igor\.m2\repository\io\netty\netty-resolver-dns-classes-macos\4.1.93.Final\netty-resolver-dns-classes-macos-4.1.93.Final.jar;C:\Users\igor\.m2\repository\io\netty\netty-transport-native-epoll\4.1.93.Final\netty-transport-native-epoll-4.1.93.Final-linux-x86_64.jar;C:\Users\igor\.m2\repository\io\netty\netty-transport-native-epoll\4.1.93.Final\netty-transport-native-epoll-4.1.93.Final-linux-aarch_64.jar;C:\Users\igor\.m2\repository\io\netty\netty-transport-native-kqueue\4.1.93.Final\netty-transport-native-kqueue-4.1.93.Final-osx-x86_64.jar;C:\Users\igor\.m2\repository\io\netty\netty-transport-native-kqueue\4.1.93.Final\netty-transport-native-kqueue-4.1.93.Final-osx-aarch_64.jar;C:\Users\igor\.m2\repository\io\netty\netty-resolver-dns-native-macos\4.1.93.Final\netty-resolver-dns-native-macos-4.1.93.Final-osx-x86_64.jar;C:\Users\igor\.m2\repository\io\netty\netty-resolver-dns-native-macos\4.1.93.Final\netty-resolver-dns-native-macos-4.1.93.Final-osx-aarch_64.jar;C:\Users\igor\.m2\repository\org\slf4j\slf4j-api\2.0.7\slf4j-api-2.0.7.jar;C:\Users\igor\.m2\repository\org\slf4j\slf4j-simple\2.0.7\slf4j-simple-2.0.7.jar;C:\Users\igor\.m2\repository\com\opencsv\opencsv\4.1\opencsv-4.1.jar;C:\Users\igor\.m2\repository\org\apache\commons\commons-lang3\3.6\commons-lang3-3.6.jar;C:\Users\igor\.m2\repository\org\apache\commons\commons-text\1.1\commons-text-1.1.jar;C:\Users\igor\.m2\repository\commons-beanutils\commons-beanutils\1.9.3\commons-beanutils-1.9.3.jar;C:\Users\igor\.m2\repository\commons-logging\commons-logging\1.2\commons-logging-1.2.jar;C:\Users\igor\.m2\repository\commons-collections\commons-collections\3.2.2\commons-collections-3.2.2.jar;"/>
    <property name="sun.cpu.endian" value="little"/>
    <property name="user.home" value="C:\Users\igor"/>
    <property name="user.language" value="en"/>
    <property name="java.specification.vendor" value="Oracle Corporation"/>
    <property name="java.version.date" value="2021-10-19"/>
    <property name="java.home" value="C:\Program Files\Java\jdk-17.0.1"/>
    <property name="file.separator" value="\"/>
    <property name="basedir" value="C:\Users\igor\Documents\Tract\DataScraperProject"/>
    <property name="java.vm.compressedOopsMode" value="Zero based"/>
    <property name="line.separator" value="&#10;"/>
    <property name="java.vm.specification.vendor" value="Oracle Corporation"/>
    <property name="java.specification.name" value="Java Platform API Specification"/>
    <property name="surefire.real.class.path" value="C:\Users\igor\AppData\Local\Temp\surefire5810008536453399516\surefirebooter707545521532823378.jar"/>
    <property name="user.script" value=""/>
    <property name="sun.management.compiler" value="HotSpot 64-Bit Tiered Compilers"/>
    <property name="java.runtime.version" value="17.0.1+12-LTS-39"/>
    <property name="user.name" value="igor"/>
    <property name="path.separator" value=";"/>
    <property name="os.version" value="10.0"/>
    <property name="java.runtime.name" value="Java(TM) SE Runtime Environment"/>
    <property name="file.encoding" value="Cp1252"/>
    <property name="java.vm.name" value="Java HotSpot(TM) 64-Bit Server VM"/>
    <property name="localRepository" value="C:\Users\igor\.m2\repository"/>
    <property name="java.vendor.url.bug" value="https://bugreport.java.com/bugreport/"/>
    <property name="java.io.tmpdir" value="C:\Users\igor\AppData\Local\Temp\"/>
    <property name="java.version" value="17.0.1"/>
    <property name="user.dir" value="C:\Users\igor\Documents\Tract\DataScraperProject"/>
    <property name="os.arch" value="amd64"/>
    <property name="java.vm.specification.name" value="Java Virtual Machine Specification"/>
    <property name="sun.os.patch.level" value=""/>
    <property name="native.encoding" value="Cp1252"/>
    <property name="java.library.path" value="C:\Program Files\Java\jdk-17.0.1\bin;C:\WINDOWS\Sun\Java\bin;C:\WINDOWS\system32;C:\WINDOWS;C:\Program Files\Common Files\Oracle\Java\javapath;C:\WINDOWS\system32;C:\WINDOWS;C:\WINDOWS\System32\Wbem;C:\WINDOWS\System32\WindowsPowerShell\v1.0\;C:\WINDOWS\System32\OpenSSH\;C:\Program Files\Java\jdk-17.0.1\bin;C:\Program Files\MATLAB\R2022a\bin;C:\Program Files\Git\cmd;C:\Program Files\nodejs\;C:\Program Files\Maven\apache-maven-3.9.2\bin;C:\Users\igor\AppData\Local\Microsoft\WindowsApps;C:\Users\igor\AppData\Local\Programs\Microsoft VS Code\bin;C:\Users\igor\AppData\Local\GitHubDesktop\bin;C:\Users\igor\AppData\Roaming\npm;;."/>
    <property name="java.vm.info" value="mixed mode, sharing"/>
    <property name="java.vendor" value="Oracle Corporation"/>
    <property name="java.vm.version" value="17.0.1+12-LTS-39"/>
    <property name="sun.io.unicode.encoding" value="UnicodeLittle"/>
    <property name="java.class.version" value="61.0"/>
  </properties>
  <testcase name="shouldAnswerWithTrue" classname="com.tract.AppTest" time="0.003"/>
</testsuite>